Arguments: 
  /home/cyberlord/.nvm/versions/node/v14.15.4/bin/node /usr/share/yarn/bin/yarn.js install

PATH: 
  /home/cyberlord/.nvm/versions/node/v14.15.4/bin:/home/cyberlord/.local/bin:/usr/local/sbin:/usr/local/bin:/usr/sbin:/usr/bin:/sbin:/bin:/usr/games:/usr/local/games:/snap/bin:/home/cyberlord/Downloads/flutter/bin:/home/cyberlord/Desktop/DataGrip/bin

Yarn version: 
  1.22.19

Node version: 
  14.15.4

Platform: 
  linux x64

Trace: 
  Error: https://registry.yarnpkg.com/react-native/-/react-native-0.68.2.tgz: ETIMEDOUT
      at Timeout._onTimeout (/usr/share/yarn/lib/cli.js:141550:19)
      at listOnTimeout (internal/timers.js:554:17)
      at processTimers (internal/timers.js:497:7)

npm manifest: 
  {
    "name": "instagram",
    "version": "1.0.0",
    "main": "node_modules/expo/AppEntry.js",
    "scripts": {
      "start": "expo start",
      "android": "expo start --android",
      "ios": "expo start --ios",
      "web": "expo start --web",
      "eject": "expo eject"
    },
    "dependencies": {
      "expo": "~45.0.0",
      "expo-status-bar": "~1.3.0",
      "react": "17.0.2",
      "react-dom": "17.0.2",
      "react-native": "0.68.2",
      "react-native-web": "0.17.7"
    },
    "devDependencies": {
      "@babel/core": "^7.12.9"
    },
    "private": true
  }

yarn manifest: 
  No manifest

Lockfile: 
  No lockfile
